\BOOKMARK [0][-]{spisTresci.1.0}{Spis tresci}{}% 1
\BOOKMARK [0][-]{skroty.1.0}{Skr\363ty}{}% 2
\BOOKMARK [0][-]{chapter.1}{Wstep}{}% 3
\BOOKMARK [1][-]{section.1.1}{Cel i zakres projektu}{chapter.1}% 4
\BOOKMARK [0][-]{chapter.2}{Za\233ozenia projektowe}{}% 5
\BOOKMARK [1][-]{section.2.1}{Wymagania funkcjonalne}{chapter.2}% 6
\BOOKMARK [2][-]{subsection.2.1.1}{Wyb\363r aktu prawnego}{section.2.1}% 7
\BOOKMARK [2][-]{subsection.2.1.2}{Edycja aktu prawnego}{section.2.1}% 8
\BOOKMARK [2][-]{subsection.2.1.3}{Generowanie zawartosci pliku XML}{section.2.1}% 9
\BOOKMARK [1][-]{section.2.2}{Wymagania niefunkcjonalne}{chapter.2}% 10
\BOOKMARK [2][-]{subsection.2.2.1}{Srodowisko pracy systemu}{section.2.2}% 11
\BOOKMARK [2][-]{subsection.2.2.2}{Wykorzystywane technologie}{section.2.2}% 12
\BOOKMARK [1][-]{section.2.3}{Cykl zycia projektu}{chapter.2}% 13
\BOOKMARK [0][-]{chapter.3}{Java2Script}{}% 14
\BOOKMARK [1][-]{section.3.1}{Analiza technologii}{chapter.3}% 15
\BOOKMARK [1][-]{section.3.2}{Zasada dzia\233ania}{chapter.3}% 16
\BOOKMARK [1][-]{section.3.3}{Java2Script a Java}{chapter.3}% 17
\BOOKMARK [1][-]{section.3.4}{System dziedziczenia w zanurzonym JavaScript}{chapter.3}% 18
\BOOKMARK [1][-]{section.3.5}{Przeglad istniejacych serwis\363w, w kt\363rych wykorzystano Java2Script}{chapter.3}% 19
\BOOKMARK [0][-]{chapter.4}{XML i Schemat XML}{}% 20
\BOOKMARK [1][-]{section.4.1}{XML}{chapter.4}% 21
\BOOKMARK [1][-]{section.4.2}{Schemat XML}{chapter.4}% 22
\BOOKMARK [1][-]{section.4.3}{Parsowanie dokument\363w XML}{chapter.4}% 23
\BOOKMARK [0][-]{chapter.5}{Opis cyklu zycia projektu}{}% 24
\BOOKMARK [1][-]{section.5.1}{Pierwsza iteracja \205 wyszukiwarka semantyczna}{chapter.5}% 25
\BOOKMARK [1][-]{section.5.2}{Druga iteracja \205 ActEditor}{chapter.5}% 26
\BOOKMARK [1][-]{section.5.3}{Trzecia iteracja \205 LawCreator}{chapter.5}% 27
\BOOKMARK [0][-]{chapter.6}{Opis implementacji}{}% 28
\BOOKMARK [1][-]{section.6.1}{Podzia\233 aplikacji na modu\233y}{chapter.6}% 29
\BOOKMARK [1][-]{section.6.2}{Przetwarzanie danych}{chapter.6}% 30
\BOOKMARK [1][-]{section.6.3}{Implementacja interfejsu graficznego}{chapter.6}% 31
\BOOKMARK [0][-]{chapter.7}{Testowanie}{}% 32
\BOOKMARK [1][-]{section.7.1}{Testy jednostkowe}{chapter.7}% 33
\BOOKMARK [1][-]{section.7.2}{Testy akceptacyjne}{chapter.7}% 34
\BOOKMARK [2][-]{subsection.7.2.1}{Przyk\233adowy test akceptacyjny aplikacji LawCreator}{section.7.2}% 35
\BOOKMARK [1][-]{section.7.3}{Testy funkcjonalne}{chapter.7}% 36
\BOOKMARK [0][-]{chapter.8}{Podsumowanie}{}% 37
\BOOKMARK [1][-]{section.8.1}{Ocena projektu}{chapter.8}% 38
\BOOKMARK [1][-]{section.8.2}{Wnioski}{chapter.8}% 39
\BOOKMARK [0][-]{section*.30}{Literatura}{}% 40
\BOOKMARK [0][-]{appendix.A}{Instrukcja wdrozenia}{}% 41
\BOOKMARK [1][-]{section.A.1}{Aplikacja desktopowa}{appendix.A}% 42
\BOOKMARK [2][-]{subsection.A.1.1}{Znane problemy}{section.A.1}% 43
\BOOKMARK [1][-]{section.A.2}{Aplikacja sieciowa}{appendix.A}% 44
\BOOKMARK [0][-]{appendix.B}{Instrukcja uzytkownika}{}% 45
